Using pre-set license
Built from '2020.3/staging' branch; Version is '2020.3.10f1 (297d780c91bc) revision 2719096'; Using compiler version '192528614'; Build Type 'Release'
OS: 'Windows 10 Home; OS build 18363.1556; Version 1909; 64bit' Language: 'en' Physical Memory: 32689 MB
BatchMode: 1, IsHumanControllingUs: 0, StartBugReporterOnCrash: 0, Is64bit: 1, IsPro: 0

 COMMAND LINE ARGUMENTS:
C:\Program Files\Unity\Hub\Editor\2020.3.10f1\Editor\Unity.exe
-adb2
-batchMode
-noUpm
-name
AssetImportWorker0
-projectPath
C:/Users/thachdo1971/Documents/GitHub/Monke
-logFile
Logs/AssetImportWorker0.log
-srvPort
59348
Successfully changed project path to: C:/Users/thachdo1971/Documents/GitHub/Monke
C:/Users/thachdo1971/Documents/GitHub/Monke
Using Asset Import Pipeline V2.
Refreshing native plugins compatible for Editor in 22.87 ms, found 2 plugins.
Preloading 0 native plugins for Editor in 0.00 ms.
Initialize engine version: 2020.3.10f1 (297d780c91bc)
[Subsystems] Discovering subsystems at path C:/Program Files/Unity/Hub/Editor/2020.3.10f1/Editor/Data/Resources/UnitySubsystems
[Subsystems] Discovering subsystems at path C:/Users/thachdo1971/Documents/GitHub/Monke/Assets
GfxDevice: creating device client; threaded=0
Direct3D:
    Version:  Direct3D 11.0 [level 11.1]
    Renderer: NVIDIA GeForce GTX 1070 (ID=0x1b81)
    Vendor:   
    VRAM:     8088 MB
    Driver:   27.21.14.6589
Initialize mono
Mono path[0] = 'C:/Program Files/Unity/Hub/Editor/2020.3.10f1/Editor/Data/Managed'
Mono path[1] = 'C:/Program Files/Unity/Hub/Editor/2020.3.10f1/Editor/Data/MonoBleedingEdge/lib/mono/unityjit'
Mono config path = 'C:/Program Files/Unity/Hub/Editor/2020.3.10f1/Editor/Data/MonoBleedingEdge/etc'
Using monoOptions --debugger-agent=transport=dt_socket,embedding=1,server=y,suspend=n,address=127.0.0.1:56988
Begin MonoManager ReloadAssembly
Registering precompiled unity dll's ...
Register platform support module: C:/Program Files/Unity/Hub/Editor/2020.3.10f1/Editor/Data/PlaybackEngines/WindowsStandaloneSupport/UnityEditor.WindowsStandalone.Extensions.dll
Registered in 0.001458 seconds.
Native extension for WindowsStandalone target not found
Refreshing native plugins compatible for Editor in 22.03 ms, found 2 plugins.
Preloading 0 native plugins for Editor in 0.00 ms.
Mono: successfully reloaded assembly
- Completed reload, in  0.810 seconds
Platform modules already initialized, skipping
Registering precompiled user dll's ...
Registered in 0.003062 seconds.
Begin MonoManager ReloadAssembly
Native extension for WindowsStandalone target not found
Refreshing native plugins compatible for Editor in 0.27 ms, found 2 plugins.
Preloading 0 native plugins for Editor in 0.00 ms.
Mono: successfully reloaded assembly
- Completed reload, in  0.826 seconds
Platform modules already initialized, skipping
========================================================================
Worker process is ready to serve import requests
Launched and connected shader compiler UnityShaderCompiler.exe after 0.03 seconds
Refreshing native plugins compatible for Editor in 0.70 ms, found 2 plugins.
Preloading 0 native plugins for Editor in 0.00 ms.
Unloading 1424 Unused Serialized files (Serialized files now loaded: 0)
System memory in use before: 65.5 MB.
System memory in use after: 65.6 MB.

Unloading 18 unused Assets to reduce memory usage. Loaded Objects now: 1856.
Total: 1.551700 ms (FindLiveObjects: 0.132000 ms CreateObjectMapping: 0.048800 ms MarkObjects: 1.320900 ms  DeleteObjects: 0.049100 ms)

========================================================================
Received Import Request.
  path: Assets/ZombieIdle/NavMesh-NavMesh.asset
  artifactKey: Guid(5944dc2962d382d4893fb93cf827d2cc) Importer(815301076,1909f56bfc062723c751e8b465ee728b)
Start importing Assets/ZombieIdle/NavMesh-NavMesh.asset using Guid(5944dc2962d382d4893fb93cf827d2cc) Importer(815301076,1909f56bfc062723c751e8b465ee728b)  -> (artifact id: '0ab9880bab9a67e6da26b8b0f82d8dea') in 0.028588 seconds
  Import took 0.030433 seconds .

========================================================================
Received Import Request.
  Time since last request: 0.000198 seconds.
  path: Assets/ZombieIdle
  artifactKey: Guid(d2871177442b87a4bb92e9c5eab3fec9) Importer(815301076,1909f56bfc062723c751e8b465ee728b)
Start importing Assets/ZombieIdle using Guid(d2871177442b87a4bb92e9c5eab3fec9) Importer(815301076,1909f56bfc062723c751e8b465ee728b)  -> (artifact id: '1ebfd6b3796e46154a68d5a9a1b39003') in 0.005499 seconds
  Import took 0.007409 seconds .

========================================================================
Received Import Request.
  Time since last request: 8.710901 seconds.
  path: Assets/ZombieIdle.unity
  artifactKey: Guid(3f67b5b1d1e34cb449eb7c8cb5edf47c) Importer(815301076,1909f56bfc062723c751e8b465ee728b)
Start importing Assets/ZombieIdle.unity using Guid(3f67b5b1d1e34cb449eb7c8cb5edf47c) Importer(815301076,1909f56bfc062723c751e8b465ee728b)  -> (artifact id: '4c14e1441dca751c69c342883dba282d') in 0.008363 seconds
  Import took 0.010222 seconds .

========================================================================
Received Prepare
Registering precompiled user dll's ...
Registered in 0.003033 seconds.
Begin MonoManager ReloadAssembly
Native extension for WindowsStandalone target not found
Refreshing native plugins compatible for Editor in 0.43 ms, found 2 plugins.
Preloading 0 native plugins for Editor in 0.00 ms.
Mono: successfully reloaded assembly
- Completed reload, in  0.804 seconds
Platform modules already initialized, skipping
Refreshing native plugins compatible for Editor in 0.32 ms, found 2 plugins.
Preloading 0 native plugins for Editor in 0.00 ms.
Unloading 1418 Unused Serialized files (Serialized files now loaded: 0)
System memory in use before: 65.3 MB.
System memory in use after: 65.5 MB.

Unloading 13 unused Assets to reduce memory usage. Loaded Objects now: 1859.
Total: 1.453300 ms (FindLiveObjects: 0.128100 ms CreateObjectMapping: 0.040800 ms MarkObjects: 1.270100 ms  DeleteObjects: 0.013700 ms)

========================================================================
Received Prepare
Registering precompiled user dll's ...
Registered in 0.002896 seconds.
Begin MonoManager ReloadAssembly
Native extension for WindowsStandalone target not found
Refreshing native plugins compatible for Editor in 0.28 ms, found 2 plugins.
Preloading 0 native plugins for Editor in 0.00 ms.
Mono: successfully reloaded assembly
- Completed reload, in  0.720 seconds
Platform modules already initialized, skipping
Refreshing native plugins compatible for Editor in 0.41 ms, found 2 plugins.
Preloading 0 native plugins for Editor in 0.00 ms.
Unloading 1418 Unused Serialized files (Serialized files now loaded: 0)
System memory in use before: 65.4 MB.
System memory in use after: 65.5 MB.

Unloading 13 unused Assets to reduce memory usage. Loaded Objects now: 1862.
Total: 1.522200 ms (FindLiveObjects: 0.139400 ms CreateObjectMapping: 0.038500 ms MarkObjects: 1.329800 ms  DeleteObjects: 0.013600 ms)

========================================================================
Received Import Request.
  Time since last request: 333.660938 seconds.
  path: Assets/Sprite
  artifactKey: Guid(74748dc8ab9220d42844ba300c71f4dd) Importer(815301076,1909f56bfc062723c751e8b465ee728b)
Start importing Assets/Sprite using Guid(74748dc8ab9220d42844ba300c71f4dd) Importer(815301076,1909f56bfc062723c751e8b465ee728b)  -> (artifact id: '99be742d3807e1b06eeb0b3bf3bfb6f7') in 0.007595 seconds
  Import took 0.009689 seconds .

========================================================================
Received Import Request.
  Time since last request: 0.022645 seconds.
  path: Assets/Sprite/Green.mat
  artifactKey: Guid(0e3c51367174320469c730440705e692) Importer(815301076,1909f56bfc062723c751e8b465ee728b)
Start importing Assets/Sprite/Green.mat using Guid(0e3c51367174320469c730440705e692) Importer(815301076,1909f56bfc062723c751e8b465ee728b)  -> (artifact id: '8b7fd07af00531fb73dded6c1b565ed5') in 0.241535 seconds
  Import took 0.243670 seconds .

========================================================================
Received Import Request.
  Time since last request: 0.000140 seconds.
  path: Assets/Sprite/Red.mat
  artifactKey: Guid(d744f8cf31d898d4b9d22d953d1b9827) Importer(815301076,1909f56bfc062723c751e8b465ee728b)
Start importing Assets/Sprite/Red.mat using Guid(d744f8cf31d898d4b9d22d953d1b9827) Importer(815301076,1909f56bfc062723c751e8b465ee728b)  -> (artifact id: '543ffcd2673204999638445638e75ce2') in 0.070007 seconds
  Import took 0.071905 seconds .

========================================================================
Received Import Request.
  Time since last request: 0.000251 seconds.
  path: Assets/Sprite/Starter.png
  artifactKey: Guid(70787127c502e804480687eeb2655201) Importer(815301076,1909f56bfc062723c751e8b465ee728b)
Start importing Assets/Sprite/Starter.png using Guid(70787127c502e804480687eeb2655201) Importer(815301076,1909f56bfc062723c751e8b465ee728b)  -> (artifact id: '5fb6db2f88f80aee9b1105906d9ce7f6') in 0.050590 seconds
  Import took 0.052962 seconds .

========================================================================
Received Import Request.
  Time since last request: 3.275629 seconds.
  path: Assets
  artifactKey: Guid(00000000000000001000000000000000) Importer(815301076,1909f56bfc062723c751e8b465ee728b)
Start importing Assets using Guid(00000000000000001000000000000000) Importer(815301076,1909f56bfc062723c751e8b465ee728b)  -> (artifact id: '42d402b061de3733987d63b9cc3b64de') in 0.005374 seconds
  Import took 0.007406 seconds .

========================================================================
Received Import Request.
  Time since last request: 15.471727 seconds.
  path: Assets/Environment
  artifactKey: Guid(fa65204382e9e664b99f76f876933eff) Importer(815301076,1909f56bfc062723c751e8b465ee728b)
Start importing Assets/Environment using Guid(fa65204382e9e664b99f76f876933eff) Importer(815301076,1909f56bfc062723c751e8b465ee728b)  -> (artifact id: '7885b6e408c27c18b08d11966c7eaabd') in 0.005016 seconds
  Import took 0.006944 seconds .

========================================================================
Received Import Request.
  Time since last request: 5.531117 seconds.
  path: Assets/Characters
  artifactKey: Guid(69e485ac6f799dc4ea64fc6ef413e235) Importer(815301076,1909f56bfc062723c751e8b465ee728b)
Start importing Assets/Characters using Guid(69e485ac6f799dc4ea64fc6ef413e235) Importer(815301076,1909f56bfc062723c751e8b465ee728b)  -> (artifact id: 'b11036247bdcdd601ea4bc9502720513') in 0.007053 seconds
  Import took 0.008982 seconds .

========================================================================
Received Import Request.
  Time since last request: 2.736587 seconds.
  path: Assets/NavMeshComponents-master
  artifactKey: Guid(67f8616584151364eab3d42b38fdcc40) Importer(815301076,1909f56bfc062723c751e8b465ee728b)
Start importing Assets/NavMeshComponents-master using Guid(67f8616584151364eab3d42b38fdcc40) Importer(815301076,1909f56bfc062723c751e8b465ee728b)  -> (artifact id: '829eeee7f552fe5be2cef3e619fdd22e') in 0.007102 seconds
  Import took 0.009358 seconds .

========================================================================
Received Import Request.
  Time since last request: 110.733358 seconds.
  path: Assets/Characters/Model
  artifactKey: Guid(84fc92a868211a646ae80b25f8cf30a6) Importer(815301076,1909f56bfc062723c751e8b465ee728b)
Start importing Assets/Characters/Model using Guid(84fc92a868211a646ae80b25f8cf30a6) Importer(815301076,1909f56bfc062723c751e8b465ee728b)  -> (artifact id: '2248d429dafbea2e8f7e568cec4fb6b5') in 0.007666 seconds
  Import took 0.010300 seconds .

========================================================================
Received Import Request.
  Time since last request: 0.896840 seconds.
  path: Assets/Characters/Model/BYod
  artifactKey: Guid(4a1a0ca204dc43644b653241250aac08) Importer(815301076,1909f56bfc062723c751e8b465ee728b)
Start importing Assets/Characters/Model/BYod using Guid(4a1a0ca204dc43644b653241250aac08) Importer(815301076,1909f56bfc062723c751e8b465ee728b)  -> (artifact id: 'b83eff1fb95a5e9e00e69c18da3fdec7') in 0.005915 seconds
  Import took 0.007894 seconds .

========================================================================
Received Import Request.
  Time since last request: 1.953289 seconds.
  path: Assets/Characters/Model/BYod/BYoda_V01.fbx
  artifactKey: Guid(99b556c9f6f1f554599b3d25353d5976) Importer(815301076,1909f56bfc062723c751e8b465ee728b)
Start importing Assets/Characters/Model/BYod/BYoda_V01.fbx using Guid(99b556c9f6f1f554599b3d25353d5976) Importer(815301076,1909f56bfc062723c751e8b465ee728b)  -> (artifact id: '8c199a05a0230bc816abde667993bf55') in 0.993293 seconds
  Import took 1.001708 seconds .

========================================================================
Received Import Request.
  Time since last request: 0.000152 seconds.
  path: Assets/Characters/Model/BYod/New Physic Material.physicMaterial
  artifactKey: Guid(9732f4948186feb40a11243ea1b1e736) Importer(815301076,1909f56bfc062723c751e8b465ee728b)
Start importing Assets/Characters/Model/BYod/New Physic Material.physicMaterial using Guid(9732f4948186feb40a11243ea1b1e736) Importer(815301076,1909f56bfc062723c751e8b465ee728b)  -> (artifact id: 'fedce21aab993b044c94ad46202fe434') in 0.008828 seconds
  Import took 0.011022 seconds .

========================================================================
Received Prepare
Registering precompiled user dll's ...
Registered in 0.002778 seconds.
Begin MonoManager ReloadAssembly
Native extension for WindowsStandalone target not found
Refreshing native plugins compatible for Editor in 0.41 ms, found 2 plugins.
Preloading 0 native plugins for Editor in 0.00 ms.
Mono: successfully reloaded assembly
- Completed reload, in  0.766 seconds
Platform modules already initialized, skipping
Refreshing native plugins compatible for Editor in 0.43 ms, found 2 plugins.
Preloading 0 native plugins for Editor in 0.00 ms.
Unloading 1418 Unused Serialized files (Serialized files now loaded: 0)
System memory in use before: 69.5 MB.
System memory in use after: 69.6 MB.

Unloading 13 unused Assets to reduce memory usage. Loaded Objects now: 1911.
Total: 2.995900 ms (FindLiveObjects: 0.275000 ms CreateObjectMapping: 0.102100 ms MarkObjects: 2.594100 ms  DeleteObjects: 0.023100 ms)

AssetImportWorkerClient::OnTransportError - code=2 error=End of file
